<?xml version="1.0" encoding="UTF-8"?>
<!-- Generated by org.testng.reporters.JUnitReportReporter -->
<testsuite hostname="HP-Kiran" failures="0" tests="1" name="presolv.Automationprac" time="16.984" errors="0" timestamp="2024-01-18T18:38:58 IST" skipped="0">
  <testcase classname="presolv.Automationprac" name="f" time="16.984"/>
</testsuite> <!-- presolv.Automationprac -->
