<?xml version="1.0" encoding="UTF-8"?>
<!-- Generated by org.testng.reporters.JUnitReportReporter -->
<testsuite hostname="HP-Kiran" failures="0" tests="4" name="presolv.NewTest" time="182.600" errors="0" timestamp="2024-01-18T11:34:19 IST" skipped="0">
  <testcase classname="presolv.NewTest" name="f11" time="44.278"/>
  <testcase classname="presolv.NewTest" name="f" time="45.794"/>
  <testcase classname="presolv.NewTest" name="f1" time="40.053"/>
  <testcase classname="presolv.NewTest" name="f12" time="52.475"/>
</testsuite> <!-- presolv.NewTest -->
